<?xml version="1.0" encoding="UTF-8"?>
<testng-results skipped="0" failed="0" total="1" passed="1">
  <reporter-output>
  </reporter-output>
  <suite name="Default suite" duration-ms="9875" started-at="2022-12-06T05:25:13Z" finished-at="2022-12-06T05:25:23Z">
    <groups>
    </groups>
    <test name="Default test" duration-ms="9875" started-at="2022-12-06T05:25:13Z" finished-at="2022-12-06T05:25:23Z">
      <class name="testcase.NewTest">
        <test-method status="PASS" signature="beforeclass()[pri:0, instance:testcase.NewTest@48140564]" name="beforeclass" is-config="true" duration-ms="72" started-at="2022-12-06T10:55:13Z" finished-at="2022-12-06T10:55:13Z">
          <reporter-output>
          </reporter-output>
        </test-method> <!-- beforeclass -->
        <test-method status="PASS" signature="tabledata()[pri:0, instance:testcase.NewTest@48140564]" name="tabledata" duration-ms="9754" started-at="2022-12-06T10:55:13Z" finished-at="2022-12-06T10:55:23Z">
          <reporter-output>
          </reporter-output>
        </test-method> <!-- tabledata -->
      </class> <!-- testcase.NewTest -->
    </test> <!-- Default test -->
  </suite> <!-- Default suite -->
</testng-results>
