<?xml version="1.0" encoding="UTF-8"?>
<testng-results skipped="0" failed="1" total="1" passed="0">
  <reporter-output>
  </reporter-output>
  <suite name="Suite" duration-ms="3379" started-at="2022-10-28T06:54:40Z" finished-at="2022-10-28T06:54:43Z">
    <groups>
    </groups>
    <test name="Test" duration-ms="3379" started-at="2022-10-28T06:54:40Z" finished-at="2022-10-28T06:54:43Z">
      <class name="testcase.NewTest">
        <test-method status="PASS" signature="beforeclass()[pri:0, instance:testcase.NewTest@48140564]" name="beforeclass" is-config="true" duration-ms="15" started-at="2022-10-28T12:24:40Z" finished-at="2022-10-28T12:24:40Z">
          <reporter-output>
          </reporter-output>
        </test-method> <!-- beforeclass -->
        <test-method status="FAIL" signature="launch()[pri:0, instance:testcase.NewTest@48140564]" name="launch" duration-ms="3330" started-at="2022-10-28T12:24:40Z" finished-at="2022-10-28T12:24:43Z">
          <exception class="org.openqa.selenium.SessionNotCreatedException">
            <message>
              <![CDATA[session not created: This version of ChromeDriver only supports Chrome version 104
Current browser version is 106.0.5249.119 with binary path C:\Users\Admin\AppData\Local\Google\Chrome\Application\chrome.exe
Build info: version: '3.141.59', revision: 'e82be7d358', time: '2018-11-14T08:17:03'
System info: host: 'DESKTOP-C2GS8GR', ip: '192.168.29.177', os.name: 'Windows 10', os.arch: 'amd64', os.version: '10.0', java.version: '1.8.0_341'
Driver info: driver.version: ChromeDriver
remote stacktrace: Backtrace:
	Ordinal0 [0x009878B3+2193587]
	Ordinal0 [0x00920681+1771137]
	Ordinal0 [0x008341A8+803240]
	Ordinal0 [0x00855CC3+941251]
	Ordinal0 [0x008513EF+922607]
	Ordinal0 [0x0084EBC1+912321]
	Ordinal0 [0x008823B0+1123248]
	Ordinal0 [0x0088200A+1122314]
	Ordinal0 [0x0087D5C6+1103302]
	Ordinal0 [0x008577E0+948192]
	Ordinal0 [0x008586E6+952038]
	GetHandleVerifier [0x00C30CB2+2738370]
	GetHandleVerifier [0x00C221B8+2678216]
	GetHandleVerifier [0x00A117AA+512954]
	GetHandleVerifier [0x00A10856+509030]
	Ordinal0 [0x0092743B+1799227]
	Ordinal0 [0x0092BB68+1817448]
	Ordinal0 [0x0092BC55+1817685]
	Ordinal0 [0x00935230+1856048]
	BaseThreadInitThunk [0x75A7FA29+25]
	RtlGetAppContainerNamedObjectPath [0x772F7BBE+286]
	RtlGetAppContainerNamedObjectPath [0x772F7B8E+238]
]]>
            </message>
            <full-stacktrace>
              <![CDATA[org.openqa.selenium.SessionNotCreatedException: session not created: This version of ChromeDriver only supports Chrome version 104
Current browser version is 106.0.5249.119 with binary path C:\Users\Admin\AppData\Local\Google\Chrome\Application\chrome.exe
Build info: version: '3.141.59', revision: 'e82be7d358', time: '2018-11-14T08:17:03'
System info: host: 'DESKTOP-C2GS8GR', ip: '192.168.29.177', os.name: 'Windows 10', os.arch: 'amd64', os.version: '10.0', java.version: '1.8.0_341'
Driver info: driver.version: ChromeDriver
remote stacktrace: Backtrace:
	Ordinal0 [0x009878B3+2193587]
	Ordinal0 [0x00920681+1771137]
	Ordinal0 [0x008341A8+803240]
	Ordinal0 [0x00855CC3+941251]
	Ordinal0 [0x008513EF+922607]
	Ordinal0 [0x0084EBC1+912321]
	Ordinal0 [0x008823B0+1123248]
	Ordinal0 [0x0088200A+1122314]
	Ordinal0 [0x0087D5C6+1103302]
	Ordinal0 [0x008577E0+948192]
	Ordinal0 [0x008586E6+952038]
	GetHandleVerifier [0x00C30CB2+2738370]
	GetHandleVerifier [0x00C221B8+2678216]
	GetHandleVerifier [0x00A117AA+512954]
	GetHandleVerifier [0x00A10856+509030]
	Ordinal0 [0x0092743B+1799227]
	Ordinal0 [0x0092BB68+1817448]
	Ordinal0 [0x0092BC55+1817685]
	Ordinal0 [0x00935230+1856048]
	BaseThreadInitThunk [0x75A7FA29+25]
	RtlGetAppContainerNamedObjectPath [0x772F7BBE+286]
	RtlGetAppContainerNamedObjectPath [0x772F7B8E+238]

	at sun.reflect.NativeConstructorAccessorImpl.newInstance0(Native Method)
	at sun.reflect.NativeConstructorAccessorImpl.newInstance(Unknown Source)
	at sun.reflect.DelegatingConstructorAccessorImpl.newInstance(Unknown Source)
	at java.lang.reflect.Constructor.newInstance(Unknown Source)
	at org.openqa.selenium.remote.W3CHandshakeResponse.lambda$errorHandler$0(W3CHandshakeResponse.java:62)
	at org.openqa.selenium.remote.HandshakeResponse.lambda$getResponseFunction$0(HandshakeResponse.java:30)
	at org.openqa.selenium.remote.ProtocolHandshake.lambda$createSession$0(ProtocolHandshake.java:126)
	at java.util.stream.ReferencePipeline$3$1.accept(Unknown Source)
	at java.util.Spliterators$ArraySpliterator.tryAdvance(Unknown Source)
	at java.util.stream.ReferencePipeline.forEachWithCancel(Unknown Source)
	at java.util.stream.AbstractPipeline.copyIntoWithCancel(Unknown Source)
	at java.util.stream.AbstractPipeline.copyInto(Unknown Source)
	at java.util.stream.AbstractPipeline.wrapAndCopyInto(Unknown Source)
	at java.util.stream.FindOps$FindOp.evaluateSequential(Unknown Source)
	at java.util.stream.AbstractPipeline.evaluate(Unknown Source)
	at java.util.stream.ReferencePipeline.findFirst(Unknown Source)
	at org.openqa.selenium.remote.ProtocolHandshake.createSession(ProtocolHandshake.java:128)
	at org.openqa.selenium.remote.ProtocolHandshake.createSession(ProtocolHandshake.java:74)
	at org.openqa.selenium.remote.HttpCommandExecutor.execute(HttpCommandExecutor.java:136)
	at org.openqa.selenium.remote.service.DriverCommandExecutor.execute(DriverCommandExecutor.java:83)
	at org.openqa.selenium.remote.RemoteWebDriver.execute(RemoteWebDriver.java:552)
	at org.openqa.selenium.remote.RemoteWebDriver.startSession(RemoteWebDriver.java:213)
	at org.openqa.selenium.remote.RemoteWebDriver.<init>(RemoteWebDriver.java:131)
	at org.openqa.selenium.chrome.ChromeDriver.<init>(ChromeDriver.java:181)
	at org.openqa.selenium.chrome.ChromeDriver.<init>(ChromeDriver.java:168)
	at org.openqa.selenium.chrome.ChromeDriver.<init>(ChromeDriver.java:123)
	at testcase.NewTest.launch(NewTest.java:23)
	at sun.reflect.NativeMethodAccessorImpl.invoke0(Native Method)
	at sun.reflect.NativeMethodAccessorImpl.invoke(Unknown Source)
	at sun.reflect.DelegatingMethodAccessorImpl.invoke(Unknown Source)
	at java.lang.reflect.Method.invoke(Unknown Source)
	at org.testng.internal.MethodInvocationHelper.invokeMethod(MethodInvocationHelper.java:85)
	at org.testng.internal.Invoker.invokeMethod(Invoker.java:639)
	at org.testng.internal.Invoker.invokeTestMethod(Invoker.java:816)
	at org.testng.internal.Invoker.invokeTestMethods(Invoker.java:1124)
	at org.testng.internal.TestMethodWorker.invokeTestMethods(TestMethodWorker.java:125)
	at org.testng.internal.TestMethodWorker.run(TestMethodWorker.java:108)
	at java.util.concurrent.ThreadPoolExecutor.runWorker(Unknown Source)
	at java.util.concurrent.ThreadPoolExecutor$Worker.run(Unknown Source)
	at java.lang.Thread.run(Unknown Source)
]]>
            </full-stacktrace>
          </exception> <!-- org.openqa.selenium.SessionNotCreatedException -->
          <reporter-output>
          </reporter-output>
        </test-method> <!-- launch -->
      </class> <!-- testcase.NewTest -->
    </test> <!-- Test -->
  </suite> <!-- Suite -->
</testng-results>
