<?xml version="1.0" encoding="UTF-8"?>
<testng-results skipped="0" failed="0" total="1" passed="1">
  <reporter-output>
  </reporter-output>
  <suite name="Default suite" duration-ms="110135" started-at="2023-03-07T10:40:33Z" finished-at="2023-03-07T10:42:23Z">
    <groups>
    </groups>
    <test name="Default test" duration-ms="110135" started-at="2023-03-07T10:40:33Z" finished-at="2023-03-07T10:42:23Z">
      <class name="org.test.LoginTest">
        <test-method status="PASS" signature="login()[pri:0, instance:org.test.LoginTest@6bdf28bb]" name="login" duration-ms="110103" started-at="2023-03-07T16:10:33Z" finished-at="2023-03-07T16:12:23Z">
          <reporter-output>
          </reporter-output>
        </test-method> <!-- login -->
      </class> <!-- org.test.LoginTest -->
    </test> <!-- Default test -->
  </suite> <!-- Default suite -->
</testng-results>
